  exp3task1.cpp
E:\大学\汇编\exp3task1\exp3task1.cpp(23,5): error C4235: 使用了非标准扩展: 不支持在此结构上使用“__asm”关键字
E:\大学\汇编\exp3task1\exp3task1.cpp(25,9): error C2065: “mov”: 未声明的标识符
E:\大学\汇编\exp3task1\exp3task1.cpp(25,13): error C2146: 语法错误: 缺少“;”(在标识符“esi”的前面)
E:\大学\汇编\exp3task1\exp3task1.cpp(25,13): error C2065: “esi”: 未声明的标识符
E:\大学\汇编\exp3task1\exp3task1.cpp(26,9): error C2146: 语法错误: 缺少“;”(在标识符“mov”的前面)
E:\大学\汇编\exp3task1\exp3task1.cpp(26,9): error C2065: “mov”: 未声明的标识符
E:\大学\汇编\exp3task1\exp3task1.cpp(26,13): error C2146: 语法错误: 缺少“;”(在标识符“edi”的前面)
E:\大学\汇编\exp3task1\exp3task1.cpp(26,13): error C2065: “edi”: 未声明的标识符
E:\大学\汇编\exp3task1\exp3task1.cpp(27,9): error C2146: 语法错误: 缺少“;”(在标识符“add”的前面)
E:\大学\汇编\exp3task1\exp3task1.cpp(27,9): error C2065: “add”: 未声明的标识符
E:\大学\汇编\exp3task1\exp3task1.cpp(27,13): error C2146: 语法错误: 缺少“;”(在标识符“di”的前面)
E:\大学\汇编\exp3task1\exp3task1.cpp(27,13): error C2065: “di”: 未声明的标识符
E:\大学\汇编\exp3task1\exp3task1.cpp(28,9): error C2146: 语法错误: 缺少“;”(在标识符“cld”的前面)
E:\大学\汇编\exp3task1\exp3task1.cpp(28,9): error C2065: “cld”: 未声明的标识符
E:\大学\汇编\exp3task1\exp3task1.cpp(29,9): error C2146: 语法错误: 缺少“;”(在标识符“lodsw”的前面)
E:\大学\汇编\exp3task1\exp3task1.cpp(29,9): error C2065: “lodsw”: 未声明的标识符
E:\大学\汇编\exp3task1\exp3task1.cpp(30,9): error C2146: 语法错误: 缺少“;”(在标识符“add”的前面)
E:\大学\汇编\exp3task1\exp3task1.cpp(30,9): error C2065: “add”: 未声明的标识符
E:\大学\汇编\exp3task1\exp3task1.cpp(30,13): error C2146: 语法错误: 缺少“;”(在标识符“ax”的前面)
E:\大学\汇编\exp3task1\exp3task1.cpp(30,13): error C2065: “ax”: 未声明的标识符
E:\大学\汇编\exp3task1\exp3task1.cpp(30,17): error C2065: “ax”: 未声明的标识符
E:\大学\汇编\exp3task1\exp3task1.cpp(31,9): error C2146: 语法错误: 缺少“;”(在标识符“add”的前面)
E:\大学\汇编\exp3task1\exp3task1.cpp(31,9): error C2065: “add”: 未声明的标识符
E:\大学\汇编\exp3task1\exp3task1.cpp(31,13): error C2146: 语法错误: 缺少“;”(在标识符“ax”的前面)
E:\大学\汇编\exp3task1\exp3task1.cpp(31,13): error C2065: “ax”: 未声明的标识符
E:\大学\汇编\exp3task1\exp3task1.cpp(31,17): error C2065: “ax”: 未声明的标识符
E:\大学\汇编\exp3task1\exp3task1.cpp(32,9): error C2146: 语法错误: 缺少“;”(在标识符“mov”的前面)
E:\大学\汇编\exp3task1\exp3task1.cpp(32,9): error C2065: “mov”: 未声明的标识符
E:\大学\汇编\exp3task1\exp3task1.cpp(32,13): error C2146: 语法错误: 缺少“;”(在标识符“bx”的前面)
E:\大学\汇编\exp3task1\exp3task1.cpp(32,13): error C2065: “bx”: 未声明的标识符
E:\大学\汇编\exp3task1\exp3task1.cpp(32,17): error C2065: “ax”: 未声明的标识符
E:\大学\汇编\exp3task1\exp3task1.cpp(33,9): error C2146: 语法错误: 缺少“;”(在标识符“lodsw”的前面)
E:\大学\汇编\exp3task1\exp3task1.cpp(33,9): error C2065: “lodsw”: 未声明的标识符
E:\大学\汇编\exp3task1\exp3task1.cpp(34,9): error C2146: 语法错误: 缺少“;”(在标识符“add”的前面)
E:\大学\汇编\exp3task1\exp3task1.cpp(34,9): error C2065: “add”: 未声明的标识符
E:\大学\汇编\exp3task1\exp3task1.cpp(34,13): error C2146: 语法错误: 缺少“;”(在标识符“ax”的前面)
E:\大学\汇编\exp3task1\exp3task1.cpp(34,13): error C2065: “ax”: 未声明的标识符
E:\大学\汇编\exp3task1\exp3task1.cpp(34,17): error C2065: “ax”: 未声明的标识符
E:\大学\汇编\exp3task1\exp3task1.cpp(35,9): error C2146: 语法错误: 缺少“;”(在标识符“add”的前面)
E:\大学\汇编\exp3task1\exp3task1.cpp(35,9): error C2065: “add”: 未声明的标识符
E:\大学\汇编\exp3task1\exp3task1.cpp(35,13): error C2146: 语法错误: 缺少“;”(在标识符“bx”的前面)
E:\大学\汇编\exp3task1\exp3task1.cpp(35,13): error C2065: “bx”: 未声明的标识符
E:\大学\汇编\exp3task1\exp3task1.cpp(35,17): error C2065: “ax”: 未声明的标识符
E:\大学\汇编\exp3task1\exp3task1.cpp(36,9): error C2146: 语法错误: 缺少“;”(在标识符“lodsw”的前面)
E:\大学\汇编\exp3task1\exp3task1.cpp(36,9): error C2065: “lodsw”: 未声明的标识符
E:\大学\汇编\exp3task1\exp3task1.cpp(37,9): error C2146: 语法错误: 缺少“;”(在标识符“add”的前面)
E:\大学\汇编\exp3task1\exp3task1.cpp(37,9): error C2065: “add”: 未声明的标识符
E:\大学\汇编\exp3task1\exp3task1.cpp(37,13): error C2146: 语法错误: 缺少“;”(在标识符“ax”的前面)
E:\大学\汇编\exp3task1\exp3task1.cpp(37,13): error C2065: “ax”: 未声明的标识符
E:\大学\汇编\exp3task1\exp3task1.cpp(37,17): error C2065: “bx”: 未声明的标识符
E:\大学\汇编\exp3task1\exp3task1.cpp(38,9): error C2146: 语法错误: 缺少“;”(在标识符“mov”的前面)
E:\大学\汇编\exp3task1\exp3task1.cpp(38,9): error C2065: “mov”: 未声明的标识符
E:\大学\汇编\exp3task1\exp3task1.cpp(38,13): error C2146: 语法错误: 缺少“;”(在标识符“dl”的前面)
E:\大学\汇编\exp3task1\exp3task1.cpp(38,13): error C2065: “dl”: 未声明的标识符
E:\大学\汇编\exp3task1\exp3task1.cpp(39,9): error C2146: 语法错误: 缺少“;”(在标识符“div”的前面)
E:\大学\汇编\exp3task1\exp3task1.cpp(39,9): error C2065: “div”: 未声明的标识符
E:\大学\汇编\exp3task1\exp3task1.cpp(39,13): error C2146: 语法错误: 缺少“;”(在标识符“dl”的前面)
E:\大学\汇编\exp3task1\exp3task1.cpp(39,13): error C2065: “dl”: 未声明的标识符
E:\大学\汇编\exp3task1\exp3task1.cpp(40,9): error C2146: 语法错误: 缺少“;”(在标识符“mov”的前面)
E:\大学\汇编\exp3task1\exp3task1.cpp(40,9): error C2065: “mov”: 未声明的标识符
E:\大学\汇编\exp3task1\exp3task1.cpp(40,13): error C2146: 语法错误: 缺少“;”(在标识符“ah”的前面)
E:\大学\汇编\exp3task1\exp3task1.cpp(40,13): error C2065: “ah”: 未声明的标识符
E:\大学\汇编\exp3task1\exp3task1.cpp(41,9): error C2146: 语法错误: 缺少“;”(在标识符“stosw”的前面)
E:\大学\汇编\exp3task1\exp3task1.cpp(41,9): error C2065: “stosw”: 未声明的标识符
E:\大学\汇编\exp3task1\exp3task1.cpp(42,5): error C2143: 语法错误: 缺少“;”(在“}”的前面)
E:\大学\汇编\exp3task1\exp3task1.cpp(48,5): error C4235: 使用了非标准扩展: 不支持在此结构上使用“__asm”关键字
E:\大学\汇编\exp3task1\exp3task1.cpp(49,9): error C2065: “mov”: 未声明的标识符
E:\大学\汇编\exp3task1\exp3task1.cpp(49,13): error C2146: 语法错误: 缺少“;”(在标识符“esi”的前面)
E:\大学\汇编\exp3task1\exp3task1.cpp(49,13): error C2065: “esi”: 未声明的标识符
E:\大学\汇编\exp3task1\exp3task1.cpp(50,9): error C2146: 语法错误: 缺少“;”(在标识符“cld”的前面)
E:\大学\汇编\exp3task1\exp3task1.cpp(50,9): error C2065: “cld”: 未声明的标识符
E:\大学\汇编\exp3task1\exp3task1.cpp(51,9): error C2146: 语法错误: 缺少“;”(在标识符“lodsw”的前面)
E:\大学\汇编\exp3task1\exp3task1.cpp(51,9): error C2065: “lodsw”: 未声明的标识符
E:\大学\汇编\exp3task1\exp3task1.cpp(52,9): error C2146: 语法错误: 缺少“;”(在标识符“cmp”的前面)
E:\大学\汇编\exp3task1\exp3task1.cpp(52,9): error C2065: “cmp”: 未声明的标识符
E:\大学\汇编\exp3task1\exp3task1.cpp(52,13): error C2146: 语法错误: 缺少“;”(在标识符“ax”的前面)
E:\大学\汇编\exp3task1\exp3task1.cpp(52,13): error C2065: “ax”: 未声明的标识符
E:\大学\汇编\exp3task1\exp3task1.cpp(52,17): error C3688: 文本后缀“h”无效；未找到文文本运算符或文本运算符模板“operator """"h”
E:\大学\汇编\exp3task1\exp3task1.cpp(53,9): error C2146: 语法错误: 缺少“;”(在标识符“je”的前面)
E:\大学\汇编\exp3task1\exp3task1.cpp(53,9): error C2065: “je”: 未声明的标识符
E:\大学\汇编\exp3task1\exp3task1.cpp(53,12): error C2146: 语法错误: 缺少“;”(在标识符“Continue”的前面)
E:\大学\汇编\exp3task1\exp3task1.cpp(53,12): error C2065: “Continue”: 未声明的标识符
E:\大学\汇编\exp3task1\exp3task1.cpp(54,9): error C2146: 语法错误: 缺少“;”(在标识符“cmp”的前面)
E:\大学\汇编\exp3task1\exp3task1.cpp(54,9): error C2065: “cmp”: 未声明的标识符
E:\大学\汇编\exp3task1\exp3task1.cpp(54,13): error C2146: 语法错误: 缺少“;”(在标识符“ax”的前面)
E:\大学\汇编\exp3task1\exp3task1.cpp(54,13): error C2065: “ax”: 未声明的标识符
E:\大学\汇编\exp3task1\exp3task1.cpp(54,17): error C3688: 文本后缀“h”无效；未找到文文本运算符或文本运算符模板“operator """"h”
E:\大学\汇编\exp3task1\exp3task1.cpp(55,9): error C2146: 语法错误: 缺少“;”(在标识符“je”的前面)
E:\大学\汇编\exp3task1\exp3task1.cpp(55,9): error C2065: “je”: 未声明的标识符
E:\大学\汇编\exp3task1\exp3task1.cpp(55,12): error C2146: 语法错误: 缺少“;”(在标识符“Quit”的前面)
E:\大学\汇编\exp3task1\exp3task1.cpp(55,12): error C2065: “Quit”: 未声明的标识符
E:\大学\汇编\exp3task1\exp3task1.cpp(56,9): error C2146: 语法错误: 缺少“;”(在标识符“cmp”的前面)
E:\大学\汇编\exp3task1\exp3task1.cpp(56,9): error C2065: “cmp”: 未声明的标识符
E:\大学\汇编\exp3task1\exp3task1.cpp(56,13): error C2146: 语法错误: 缺少“;”(在标识符“ax”的前面)
E:\大学\汇编\exp3task1\exp3task1.cpp(56,13): error C2065: “ax”: 未声明的标识符
E:\大学\汇编\exp3task1\exp3task1.cpp(56,17): error C3688: 文本后缀“h”无效；未找到文文本运算符或文本运算符模板“operator """"h”
E:\大学\汇编\exp3task1\exp3task1.cpp(57,9): error C2146: 语法错误: 缺少“;”(在标识符“je”的前面)
E:\大学\汇编\exp3task1\exp3task1.cpp(57,9): error C2065: “je”: 未声明的标识符
E:\大学\汇编\exp3task1\exp3task1.cpp(57,12): error C2146: 语法错误: 缺少“;”(在标识符“CalAve”的前面)
E:\大学\汇编\exp3task1\exp3task1.cpp(57,12): error C2065: “CalAve”: 未声明的标识符
E:\大学\汇编\exp3task1\exp3task1.cpp(58,5): error C2143: 语法错误: 缺少“;”(在“}”的前面)
E:\大学\汇编\exp3task1\exp3task1.cpp(60,10): error C4235: 使用了非标准扩展: 不支持在此结构上使用“__asm”关键字
E:\大学\汇编\exp3task1\exp3task1.cpp(63,6): error C4235: 使用了非标准扩展: 不支持在此结构上使用“__asm”关键字
E:\大学\汇编\exp3task1\exp3task1.cpp(66,8): error C4235: 使用了非标准扩展: 不支持在此结构上使用“__asm”关键字
E:\大学\汇编\exp3task1\exp3task1.cpp(73,5): error C4235: 使用了非标准扩展: 不支持在此结构上使用“__asm”关键字
E:\大学\汇编\exp3task1\exp3task1.cpp(74,9): error C2065: “mov”: 未声明的标识符
E:\大学\汇编\exp3task1\exp3task1.cpp(74,13): error C2146: 语法错误: 缺少“;”(在标识符“esi”的前面)
E:\大学\汇编\exp3task1\exp3task1.cpp(74,16): fatal error C1003: 错误计数超过 100；正在停止编译
